<?xml version="1.0" encoding="UTF-8"?>
<!-- Generated by org.testng.reporters.JUnitReportReporter -->
<testsuite name="SearchItems.SearchItemsByDatabase" tests="1" time="0.000" ignored="0" failures="0" timestamp="28 Jan 2017 19:28:02 GMT" skipped="1" hostname="Test" errors="0">
  <testcase name="searchUsingDB" time="0.000" classname="SearchItems.SearchItemsByDatabase">
    <skipped/>
  </testcase> <!-- searchUsingDB -->
</testsuite> <!-- SearchItems.SearchItemsByDatabase -->
