<?xml version="1.0" encoding="UTF-8"?>
<!-- Generated by org.testng.reporters.JUnitReportReporter -->
<testsuite name="SearchItems.DropDownMenuSearch" tests="1" time="0.000" ignored="0" failures="0" timestamp="23 Jan 2017 02:20:47 GMT" skipped="1" hostname="Test" errors="0">
  <testcase name="dropDownMenu" time="0.000" classname="SearchItems.DropDownMenuSearch">
    <skipped/>
  </testcase> <!-- dropDownMenu -->
</testsuite> <!-- SearchItems.DropDownMenuSearch -->
