<?xml version="1.0" encoding="UTF-8"?>
<!-- Generated by org.testng.reporters.JUnitReportReporter -->
<testsuite name="SearchItems.DropDownMenuSearch" tests="1" time="47.555" ignored="0" failures="0" timestamp="29 Jan 2017 02:34:25 GMT" skipped="0" hostname="Test" errors="0">
  <testcase name="dropDownMenu" time="47.555" classname="SearchItems.DropDownMenuSearch"/>
</testsuite> <!-- SearchItems.DropDownMenuSearch -->
