<?xml version="1.0" encoding="UTF-8"?>
<!-- Generated by org.testng.reporters.JUnitReportReporter -->
<testsuite name="Page.LogOutFromAmazon" tests="1" time="31.447" ignored="0" failures="0" timestamp="29 Jan 2017 02:34:25 GMT" skipped="0" hostname="Test" errors="0">
  <testcase name="logOutFromAmazon" time="31.447" classname="Page.LogOutFromAmazon"/>
</testsuite> <!-- Page.LogOutFromAmazon -->
