<?xml version="1.0" encoding="UTF-8"?>
<!-- Generated by org.testng.reporters.JUnitReportReporter -->
<testsuite name="CreateAccount.CreateAnewAccount" tests="1" time="19.178" ignored="0" failures="0" timestamp="29 Jan 2017 02:34:25 GMT" skipped="0" hostname="Test" errors="0">
  <testcase name="newAccount" time="19.178" classname="CreateAccount.CreateAnewAccount"/>
</testsuite> <!-- CreateAccount.CreateAnewAccount -->
