<?xml version="1.0" encoding="UTF-8"?>
<!-- Generated by org.testng.reporters.JUnitReportReporter -->
<testsuite name="SearchItems.SearchItemsByDataProvider" tests="3" time="62.931" ignored="0" failures="0" timestamp="29 Jan 2017 02:34:25 GMT" skipped="0" hostname="Test" errors="0">
  <testcase name="searchUsingDataProvider" time="22.948" classname="SearchItems.SearchItemsByDataProvider"/>
  <testcase name="searchUsingDataProvider" time="17.370" classname="SearchItems.SearchItemsByDataProvider"/>
  <testcase name="searchUsingDataProvider" time="22.613" classname="SearchItems.SearchItemsByDataProvider"/>
</testsuite> <!-- SearchItems.SearchItemsByDataProvider -->
