<?xml version="1.0" encoding="UTF-8"?>
<!-- Generated by org.testng.reporters.JUnitReportReporter -->
<testsuite name="Page.LogIntoAmazon" tests="1" time="0.000" ignored="0" failures="0" timestamp="28 Jan 2017 19:28:02 GMT" skipped="1" hostname="Test" errors="0">
  <testcase name="LoginTest" time="0.000" classname="Page.LogIntoAmazon">
    <skipped/>
  </testcase> <!-- LoginTest -->
</testsuite> <!-- Page.LogIntoAmazon -->
