<?xml version="1.0" encoding="UTF-8"?>
<!-- Generated by org.testng.reporters.JUnitReportReporter -->
<testsuite name="SearchItems.SearchItemsByMongoDB" tests="1" time="0.000" ignored="0" failures="0" timestamp="23 Jan 2017 02:20:47 GMT" skipped="1" hostname="Test" errors="0">
  <testcase name="searchUsingMongoDB" time="0.000" classname="SearchItems.SearchItemsByMongoDB">
    <skipped/>
  </testcase> <!-- searchUsingMongoDB -->
</testsuite> <!-- SearchItems.SearchItemsByMongoDB -->
